[٣‏/٥‏/٢٠٢٦، ٤:٢١:٥٤ ص] 🚀 بدء المراقب التلقائي

[٣‏/٥‏/٢٠٢٦، ٤:٢١:٥٤ ص] ════════════════════════════════════════════════════════════════════════════════
[٣‏/٥‏/٢٠٢٦، ٤:٢١:٥٤ ص] 🚀 بدء: سحب الأفلام
[٣‏/٥‏/٢٠٢٦، ٤:٢١:٥٤ ص] 🚀 بدء: سحب المسلسلات
[٣‏/٥‏/٢٠٢٦، ٤:٢١:٥٤ ص] 🚀 بدء: توليد الأوصاف
[٣‏/٥‏/٢٠٢٦، ٤:٢١:٥٤ ص] 
✅ المراقب يعمل الآن
[٣‏/٥‏/٢٠٢٦، ٤:٢١:٥٤ ص] 📊 سيتم فحص العمليات كل دقيقتين
[٣‏/٥‏/٢٠٢٦، ٤:٢١:٥٤ ص] ⌨️  اضغط Ctrl+C للإيقاف

[٣‏/٥‏/٢٠٢٦، ٤:٢١:٥٤ ص] 📊 [سحب الأفلام] ◇ injected env (14) from .env.local // tip: ◈ secrets for agents [www.dotenvx.com]
[٣‏/٥‏/٢٠٢٦، ٤:٢١:٥٤ ص] 📊 [سحب المسلسلات] ◇ injected env (14) from .env.local // tip: ⌘ custom filepath { path: '/custom/path/.env' }
[٣‏/٥‏/٢٠٢٦، ٤:٢١:٥٤ ص] 📊 [سحب الأفلام] ✅ SQLite Database Optimized:
   - WAL Mode: Enabled (3x faster writes)
[٣‏/٥‏/٢٠٢٦، ٤:٢١:٥٤ ص] 📊 [سحب المسلسلات] ✅ SQLite Database Optimized:
   - WAL Mode: Enabled (3x faster writes)
   - Cache Size: 100MB
   - Memory-mapped I/O: 30GB
   - Synchronous: NORMAL (balanced)
[٣‏/٥‏/٢٠٢٦، ٤:٢١:٥٤ ص] 📊 [سحب الأفلام] - Cache Size: 100MB
   - Memory-mapped I/O: 30GB
   - Synchronous: NORMAL (balanced)
[٣‏/٥‏/٢٠٢٦، ٤:٢١:٥٥ ص] 📊 [توليد الأوصاف] ◇ injected env (14) from .env.local // tip: ⌘ enable debugging { debug: true }
[٣‏/٥‏/٢٠٢٦، ٤:٢١:٥٥ ص] 📊 [توليد الأوصاف] 🤖 AI Overview Generator (Fixed)
[٣‏/٥‏/٢٠٢٦، ٤:٢١:٥٥ ص] 📊 [توليد الأوصاف] =================================

📊 Fetching works...
[٣‏/٥‏/٢٠٢٦، ٤:٢١:٥٥ ص] 📊 [سحب الأفلام] 🎬 بدء تحديث بيانات الأفلام ⚡
[٣‏/٥‏/٢٠٢٦، ٤:٢١:٥٥ ص] 📊 [سحب المسلسلات] 📺 بدء تحديث بيانات المسلسلات ⚡
[٣‏/٥‏/٢٠٢٦، ٤:٢٢:١٣ ص] 📊 [سحب المسلسلات] 📦 إجمالي المسلسلات المحتاجة: ١٧٬٥٥٠
[٣‏/٥‏/٢٠٢٦، ٤:٢٢:١٣ ص] 📊 [سحب المسلسلات] ⚡ CONCURRENCY: 50 | SEASON: 10
📦 BATCH: 200 | CHUNK: 1000
[٣‏/٥‏/٢٠٢٦، ٤:٢٢:١٩ ص] 📊 [سحب المسلسلات] ✅ 20 | 🎬 286 موسم | 📺 40750 حلقة | 🚫 0 مفلتر | ❌ 0 خطأ | ⚡ 49/دقيقة
[٣‏/٥‏/٢٠٢٦، ٤:٢٢:٢٠ ص] 📊 [سحب المسلسلات] ✅ 40 | 🎬 360 موسم | 📺 42834 حلقة | 🚫 0 مفلتر | ❌ 0 خطأ | ⚡ 95/دقيقة
[٣‏/٥‏/٢٠٢٦، ٤:٢٢:٢١ ص] 📊 [سحب المسلسلات] ✅ 60 | 🎬 466 موسم | 📺 48844 حلقة | 🚫 0 مفلتر | ❌ 0 خطأ | ⚡ 135/دقيقة
[٣‏/٥‏/٢٠٢٦، ٤:٢٢:٢٣ ص] 📊 [سحب المسلسلات] ✅ 80 | 🎬 673 موسم | 📺 56218 حلقة | 🚫 0 مفلتر | ❌ 0 خطأ | ⚡ 167/دقيقة
[٣‏/٥‏/٢٠٢٦، ٤:٢٢:٢٤ ص] 📊 [سحب المسلسلات] ✅ 100 | 🎬 732 موسم | 📺 57764 حلقة | 🚫 0 مفلتر | ❌ 0 خطأ | ⚡ 205/دقيقة
[٣‏/٥‏/٢٠٢٦، ٤:٢٢:٢٤ ص] 
📊 فحص دوري للعمليات...
[٣‏/٥‏/٢٠٢٦، ٤:٢٢:٢٤ ص] ✅ [سحب الأفلام] نشط
[٣‏/٥‏/٢٠٢٦، ٤:٢٢:٢٤ ص] ✅ [سحب المسلسلات] نشط
[٣‏/٥‏/٢٠٢٦، ٤:٢٢:٢٤ ص] ✅ [توليد الأوصاف] نشط
[٣‏/٥‏/٢٠٢٦، ٤:٢٢:٢٤ ص] 
📈 إحصائيات إعادة التشغيل:
[٣‏/٥‏/٢٠٢٦، ٤:٢٢:٢٤ ص]    سحب الأفلام: 0 مرة
[٣‏/٥‏/٢٠٢٦، ٤:٢٢:٢٤ ص]    سحب المسلسلات: 0 مرة
[٣‏/٥‏/٢٠٢٦، ٤:٢٢:٢٤ ص]    توليد الأوصاف: 0 مرة
[٣‏/٥‏/٢٠٢٦، ٤:٢٢:٢٥ ص] 📊 [سحب المسلسلات] ✅ 120 | 🎬 840 موسم | 📺 63636 حلقة | 🚫 0 مفلتر | ❌ 0 خطأ | ⚡ 239/دقيقة
[٣‏/٥‏/٢٠٢٦، ٤:٢٢:٢٦ ص] 📊 [سحب المسلسلات] ✅ 140 | 🎬 949 موسم | 📺 73727 حلقة | 🚫 0 مفلتر | ❌ 0 خطأ | ⚡ 266/دقيقة
[٣‏/٥‏/٢٠٢٦، ٤:٢٢:٢٨ ص] 📊 [سحب المسلسلات] ✅ 160 | 🎬 1069 موسم | 📺 84990 حلقة | 🚫 1 مفلتر | ❌ 0 خطأ | ⚡ 291/دقيقة
[٣‏/٥‏/٢٠٢٦، ٤:٢٢:٢٩ ص] 📊 [سحب المسلسلات] ✅ 180 | 🎬 1272 موسم | 📺 91637 حلقة | 🚫 1 مفلتر | ❌ 0 خطأ | ⚡ 314/دقيقة
[٣‏/٥‏/٢٠٢٦، ٤:٢٢:٣١ ص] 📊 [سحب المسلسلات] ⏳ 200/17550 (1.1%) | 332/دقيقة | ETA: 52 دقيقة
[٣‏/٥‏/٢٠٢٦، ٤:٢٢:٣١ ص] 📊 [سحب المسلسلات] ✅ 200 | 🎬 1473 موسم | 📺 101791 حلقة | 🚫 2 مفلتر | ❌ 0 خطأ | ⚡ 331/دقيقة
[٣‏/٥‏/٢٠٢٦، ٤:٢٢:٣٣ ص] 📊 [سحب المسلسلات] ✅ 220 | 🎬 1654 موسم | 📺 104882 حلقة | 🚫 2 مفلتر | ❌ 0 خطأ | ⚡ 348/دقيقة
[٣‏/٥‏/٢٠٢٦، ٤:٢٢:٣٤ ص] 📊 [سحب المسلسلات] ✅ 240 | 🎬 1863 موسم | 📺 113425 حلقة | 🚫 3 مفلتر | ❌ 0 خطأ | ⚡ 363/دقيقة
[٣‏/٥‏/٢٠٢٦، ٤:٢٢:٣٥ ص] 📊 [سحب المسلسلات] ✅ 260 | 🎬 1928 موسم | 📺 115011 حلقة | 🚫 3 مفلتر | ❌ 0 خطأ | ⚡ 387/دقيقة
[٣‏/٥‏/٢٠٢٦، ٤:٢٢:٣٧ ص] 📊 [سحب المسلسلات] ✅ 280 | 🎬 2216 موسم | 📺 118760 حلقة | 🚫 3 مفلتر | ❌ 0 خطأ | ⚡ 395/دقيقة
[٣‏/٥‏/٢٠٢٦، ٤:٢٢:٣٨ ص] 📊 [سحب المسلسلات] ✅ 300 | 🎬 2325 موسم | 📺 122501 حلقة | 🚫 3 مفلتر | ❌ 0 خطأ | ⚡ 416/دقيقة
[٣‏/٥‏/٢٠٢٦، ٤:٢٢:٤٠ ص] 📊 [سحب المسلسلات] ✅ 320 | 🎬 2542 موسم | 📺 125750 حلقة | 🚫 3 مفلتر | ❌ 0 خطأ | ⚡ 429/دقيقة
[٣‏/٥‏/٢٠٢٦، ٤:٢٢:٤١ ص] 📊 [سحب المسلسلات] ✅ 340 | 🎬 2616 موسم | 📺 127368 حلقة | 🚫 3 مفلتر | ❌ 0 خطأ | ⚡ 443/دقيقة
[٣‏/٥‏/٢٠٢٦، ٤:٢٢:٤٣ ص] 📊 [سحب المسلسلات] ✅ 360 | 🎬 2834 موسم | 📺 135614 حلقة | 🚫 4 مفلتر | ❌ 0 خطأ | ⚡ 451/دقيقة
[٣‏/٥‏/٢٠٢٦، ٤:٢٢:٤٣ ص] 📊 [سحب المسلسلات] ✅ 380 | 🎬 2926 موسم | 📺 137100 حلقة | 🚫 4 مفلتر | ❌ 0 خطأ | ⚡ 471/دقيقة
[٣‏/٥‏/٢٠٢٦، ٤:٢٢:٤٤ ص] 📊 [سحب المسلسلات] ⏳ 400/17550 (2.3%) | 488/دقيقة | ETA: 35 دقيقة
[٣‏/٥‏/٢٠٢٦، ٤:٢٢:٤٥ ص] 📊 [سحب المسلسلات] ✅ 400 | 🎬 3049 موسم | 📺 138496 حلقة | 🚫 4 مفلتر | ❌ 0 خطأ | ⚡ 481/دقيقة
[٣‏/٥‏/٢٠٢٦، ٤:٢٢:٤٦ ص] 📊 [سحب المسلسلات] ✅ 420 | 🎬 3238 موسم | 📺 142365 حلقة | 🚫 4 مفلتر | ❌ 0 خطأ | ⚡ 489/دقيقة
[٣‏/٥‏/٢٠٢٦، ٤:٢٢:٤٨ ص] 📊 [سحب المسلسلات] ✅ 440 | 🎬 3428 موسم | 📺 144070 حلقة | 🚫 5 مفلتر | ❌ 0 خطأ | ⚡ 497/دقيقة
[٣‏/٥‏/٢٠٢٦، ٤:٢٢:٤٨ ص] 📊 [سحب المسلسلات] ✅ 460 | 🎬 3471 موسم | 📺 144910 حلقة | 🚫 5 مفلتر | ❌ 0 خطأ | ⚡ 514/دقيقة
[٣‏/٥‏/٢٠٢٦، ٤:٢٢:٥٠ ص] 📊 [سحب المسلسلات] ✅ 480 | 🎬 3583 موسم | 📺 147082 حلقة | 🚫 5 مفلتر | ❌ 0 خطأ | ⚡ 525/دقيقة
[٣‏/٥‏/٢٠٢٦، ٤:٢٢:٥١ ص] 📊 [سحب المسلسلات] ✅ 500 | 🎬 3738 موسم | 📺 148642 حلقة | 🚫 5 مفلتر | ❌ 0 خطأ | ⚡ 534/دقيقة
[٣‏/٥‏/٢٠٢٦، ٤:٢٢:٥٣ ص] 📊 [سحب المسلسلات] ✅ 520 | 🎬 3818 موسم | 📺 150072 حلقة | 🚫 5 مفلتر | ❌ 0 خطأ | ⚡ 532/دقيقة
[٣‏/٥‏/٢٠٢٦، ٤:٢٢:٥٤ ص] 📊 [سحب المسلسلات] ✅ 540 | 🎬 3927 موسم | 📺 151379 حلقة | 🚫 5 مفلتر | ❌ 0 خطأ | ⚡ 547/دقيقة
[٣‏/٥‏/٢٠٢٦، ٤:٢٢:٥٦ ص] 📊 [سحب المسلسلات] ✅ 560 | 🎬 4212 موسم | 📺 157867 حلقة | 🚫 5 مفلتر | ❌ 0 خطأ | ⚡ 548/دقيقة
[٣‏/٥‏/٢٠٢٦، ٤:٢٢:٥٧ ص] 📊 [سحب المسلسلات] ✅ 580 | 🎬 4349 موسم | 📺 159720 حلقة | 🚫 5 مفلتر | ❌ 0 خطأ | ⚡ 559/دقيقة
[٣‏/٥‏/٢٠٢٦، ٤:٢٢:٥٧ ص] 📊 [سحب المسلسلات] ⏳ 600/17550 (3.4%) | 576/دقيقة | ETA: 29 دقيقة
[٣‏/٥‏/٢٠٢٦، ٤:٢٢:٥٨ ص] 📊 [سحب المسلسلات] ✅ 600 | 🎬 4436 موسم | 📺 161122 حلقة | 🚫 5 مفلتر | ❌ 0 خطأ | ⚡ 565/دقيقة
[٣‏/٥‏/٢٠٢٦، ٤:٢٢:٥٩ ص] 📊 [سحب المسلسلات] ✅ 620 | 🎬 4588 موسم | 📺 162252 حلقة | 🚫 5 مفلتر | ❌ 0 خطأ | ⚡ 576/دقيقة
[٣‏/٥‏/٢٠٢٦، ٤:٢٣:٠٠ ص] 📊 [سحب المسلسلات] ✅ 640 | 🎬 4665 موسم | 📺 163284 حلقة | 🚫 5 مفلتر | ❌ 0 خطأ | ⚡ 589/دقيقة
[٣‏/٥‏/٢٠٢٦، ٤:٢٣:٠٢ ص] 📊 [سحب المسلسلات] ✅ 660 | 🎬 4843 موسم | 📺 175381 حلقة | 🚫 5 مفلتر | ❌ 0 خطأ | ⚡ 587/دقيقة
[٣‏/٥‏/٢٠٢٦، ٤:٢٣:٠٤ ص] 📊 [سحب المسلسلات] ✅ 680 | 🎬 5073 موسم | 📺 180279 حلقة | 🚫 6 مفلتر | ❌ 0 خطأ | ⚡ 592/دقيقة
[٣‏/٥‏/٢٠٢٦، ٤:٢٣:٠٤ ص] 📊 [سحب المسلسلات] ✅ 700 | 🎬 5111 موسم | 📺 181050 حلقة | 🚫 6 مفلتر | ❌ 0 خطأ | ⚡ 607/دقيقة
[٣‏/٥‏/٢٠٢٦، ٤:٢٣:٠٥ ص] 📊 [سحب المسلسلات] ✅ 720 | 🎬 5213 موسم | 📺 184099 حلقة | 🚫 6 مفلتر | ❌ 0 خطأ | ⚡ 615/دقيقة
[٣‏/٥‏/٢٠٢٦، ٤:٢٣:٠٦ ص] 📊 [سحب المسلسلات] ✅ 740 | 🎬 5379 موسم | 📺 186743 حلقة | 🚫 6 مفلتر | ❌ 0 خطأ | ⚡ 621/دقيقة
[٣‏/٥‏/٢٠٢٦، ٤:٢٣:٠٧ ص] 📊 [سحب المسلسلات] ✅ 760 | 🎬 5491 موسم | 📺 191724 حلقة | 🚫 6 مفلتر | ❌ 0 خطأ | ⚡ 629/دقيقة
[٣‏/٥‏/٢٠٢٦، ٤:٢٣:٠٨ ص] 📊 [سحب المسلسلات] ✅ 780 | 🎬 5541 موسم | 📺 193277 حلقة | 🚫 6 مفلتر | ❌ 0 خطأ | ⚡ 643/دقيقة
[٣‏/٥‏/٢٠٢٦، ٤:٢٣:٠٨ ص] 📊 [سحب المسلسلات] ⏳ 800/17550 (4.6%) | 653/دقيقة | ETA: 26 دقيقة
[٣‏/٥‏/٢٠٢٦، ٤:٢٣:١٠ ص] 📊 [سحب المسلسلات] ✅ 800 | 🎬 5682 موسم | 📺 195490 حلقة | 🚫 7 مفلتر | ❌ 0 خطأ | ⚡ 639/دقيقة
[٣‏/٥‏/٢٠٢٦، ٤:٢٣:١٠ ص] ⚠️  [توليد الأوصاف] SqliteError: no such column: name_en
    at Database.prepare (D:\4cima\node_modules\better-sqlite3\lib\methods\wrappers.js:5:21)
    at main (file:///D:/4cima/generate-ai-overviews-fixed.js:141:21)
  
[٣‏/٥‏/٢٠٢٦، ٤:٢٣:١٠ ص] 📊 [سحب الأفلام] 📦 إجمالي الأفلام المحتاجة: ٣٦٬٦٣٢
[٣‏/٥‏/٢٠٢٦، ٤:٢٣:١٠ ص] 📊 [سحب الأفلام] ⚡ CONCURRENCY: 50 | BATCH: 200 | CHUNK: 1000
[٣‏/٥‏/٢٠٢٦، ٤:٢٣:١١ ص] ⚠️  [توليد الأوصاف] توقف بكود: 0
[٣‏/٥‏/٢٠٢٦، ٤:٢٣:١٤ ص] 📊 [سحب المسلسلات] ✅ 820 | 🎬 5903 موسم | 📺 199623 حلقة | 🚫 7 مفلتر | ❌ 0 خطأ | ⚡ 625/دقيقة
[٣‏/٥‏/٢٠٢٦، ٤:٢٣:١٤ ص] 📊 [سحب المسلسلات] ✅ 840 | 🎬 6020 موسم | 📺 202060 حلقة | 🚫 7 مفلتر | ❌ 0 خطأ | ⚡ 634/دقيقة
[٣‏/٥‏/٢٠٢٦، ٤:٢٣:١٥ ص] 📊 [سحب المسلسلات] ✅ 860 | 🎬 6115 موسم | 📺 204933 حلقة | 🚫 7 مفلتر | ❌ 0 خطأ | ⚡ 640/دقيقة
[٣‏/٥‏/٢٠٢٦، ٤:٢٣:١٦ ص] 🔄 إعادة تشغيل: توليد الأوصاف (المرة 1)
[٣‏/٥‏/٢٠٢٦، ٤:٢٣:١٦ ص] 🚀 بدء: توليد الأوصاف
[٣‏/٥‏/٢٠٢٦، ٤:٢٣:١٦ ص] 📊 [سحب المسلسلات] ✅ 880 | 🎬 6151 موسم | 📺 205875 حلقة | 🚫 8 مفلتر | ❌ 0 خطأ | ⚡ 651/دقيقة
[٣‏/٥‏/٢٠٢٦، ٤:٢٣:١٦ ص] 📊 [سحب المسلسلات] ✅ 900 | 🎬 6208 موسم | 📺 207132 حلقة | 🚫 8 مفلتر | ❌ 0 خطأ | ⚡ 661/دقيقة
[٣‏/٥‏/٢٠٢٦، ٤:٢٣:١٧ ص] 📊 [توليد الأوصاف] ◇ injected env (14) from .env.local // tip: ⌘ suppress logs { quiet: true }
